<?xml version="1.0" encoding="UTF-8"?>
<!-- Generated by org.testng.reporters.JUnitReportReporter -->
<testsuite hostname="LTIN521750" failures="0" tests="4" name="testCase.TC005_UsedCarsTest" time="21.209" errors="0" timestamp="2025-07-13T14:23:33 IST" skipped="0">
  <testcase classname="testCase.TC005_UsedCarsTest" name="getPopularModels" time="1.213"/>
  <testcase classname="testCase.TC005_UsedCarsTest" name="clickUsedCar" time="9.044"/>
  <testcase classname="testCase.TC005_UsedCarsTest" name="return_ZigWheel" time="10.146"/>
  <testcase classname="testCase.TC005_UsedCarsTest" name="verifyClickCity" time="0.806"/>
</testsuite> <!-- testCase.TC005_UsedCarsTest -->
