<?xml version="1.0" encoding="UTF-8"?>
<!-- Generated by org.testng.reporters.JUnitReportReporter -->
<testsuite hostname="LTIN462292" failures="0" tests="4" name="testCases.TC004_UpcomingBikesTest" time="20.055" errors="0" timestamp="2025-07-07T11:43:31 IST" skipped="0">
  <testcase classname="testCases.TC004_UpcomingBikesTest" name="clickNewBikesSection" time="10.693"/>
  <testcase classname="testCases.TC004_UpcomingBikesTest" name="verifyClickAllBikes" time="2.247"/>
  <testcase classname="testCases.TC004_UpcomingBikesTest" name="scrollAndClickHonda" time="3.867"/>
  <testcase classname="testCases.TC004_UpcomingBikesTest" name="writeAffordableBikesToExcel" time="3.248"/>
</testsuite> <!-- testCases.TC004_UpcomingBikesTest -->
