<?xml version="1.0" encoding="UTF-8"?>
<!-- Generated by org.testng.reporters.JUnitReportReporter -->
<testsuite hostname="LTIN462292" failures="0" tests="1" name="testCase.TC001_ClickNewBikes" time="1.312" errors="0" timestamp="2025-07-15T10:27:27 IST" skipped="0">
  <testcase classname="testCase.TC001_ClickNewBikes" name="nav_new_bikes" time="1.312"/>
</testsuite> <!-- testCase.TC001_ClickNewBikes -->
