<?xml version="1.0" encoding="UTF-8"?>
<!-- Generated by org.testng.reporters.JUnitReportReporter -->
<testsuite hostname="LTIN462292" failures="0" tests="2" name="testCase.TC003_Login" time="42.259" errors="0" timestamp="2025-07-15T14:58:21 IST" skipped="0">
  <testcase classname="testCase.TC003_Login" name="loginTest" time="21.318"/>
  <testcase classname="testCase.TC003_Login" name="loginTest" time="20.941"/>
</testsuite> <!-- testCase.TC003_Login -->
