<?xml version="1.0" encoding="UTF-8"?>
<!-- Generated by org.testng.reporters.JUnitReportReporter -->
<testsuite hostname="LTIN462292" failures="0" tests="1" name="testCases.TC001_ClickNewBikes" time="3.224" errors="0" timestamp="2025-07-07T10:02:30 IST" skipped="0">
  <testcase classname="testCases.TC001_ClickNewBikes" name="nav_new_bikes" time="3.224"/>
</testsuite> <!-- testCases.TC001_ClickNewBikes -->
