<?xml version="1.0" encoding="UTF-8"?>
<!-- Generated by org.testng.reporters.JUnitReportReporter -->
<testsuite hostname="LTIN521750" failures="0" tests="3" name="testCase.TC004_UpcomingBikesTest" time="31.862" errors="0" timestamp="2025-07-13T14:23:33 IST" skipped="0">
  <testcase classname="testCase.TC004_UpcomingBikesTest" name="verify_clicking_AllBikes" time="18.857"/>
  <testcase classname="testCase.TC004_UpcomingBikesTest" name="scrollAndClickHonda" time="10.320"/>
  <testcase classname="testCase.TC004_UpcomingBikesTest" name="writeAffordableBikesToExcel" time="2.685"/>
</testsuite> <!-- testCase.TC004_UpcomingBikesTest -->
