<?xml version="1.0" encoding="UTF-8"?>
<!-- Generated by org.testng.reporters.JUnitReportReporter -->
<testsuite hostname="LTIN521750" failures="0" tests="3" name="testCase.TC004_UpcomingBikesTest" time="21.943" errors="0" timestamp="2025-07-13T12:33:19 IST" skipped="0">
  <testcase classname="testCase.TC004_UpcomingBikesTest" name="verify_clicking_AllBikes" time="11.159"/>
  <testcase classname="testCase.TC004_UpcomingBikesTest" name="scrollAndClickHonda" time="9.440"/>
  <testcase classname="testCase.TC004_UpcomingBikesTest" name="writeAffordableBikesToExcel" time="1.344"/>
</testsuite> <!-- testCase.TC004_UpcomingBikesTest -->
