<?xml version="1.0" encoding="UTF-8"?>
<!-- Generated by org.testng.reporters.JUnitReportReporter -->
<testsuite hostname="LTIN521750" failures="0" tests="2" name="testCase.TC002_UsedCars" time="4.012" errors="0" timestamp="2025-07-13T12:48:08 IST" skipped="0">
  <testcase classname="testCase.TC002_UsedCars" name="nav_more" time="3.921"/>
  <testcase classname="testCase.TC002_UsedCars" name="usedCars_Displayed" time="0.091"/>
</testsuite> <!-- testCase.TC002_UsedCars -->
