<?xml version="1.0" encoding="UTF-8"?>
<!-- Generated by org.testng.reporters.JUnitReportReporter -->
<testsuite hostname="LTIN521750" failures="0" tests="2" name="testCase.TC002_UsedCars" time="7.695" errors="0" timestamp="2025-07-13T14:56:46 IST" skipped="0">
  <testcase classname="testCase.TC002_UsedCars" name="nav_more" time="7.163"/>
  <testcase classname="testCase.TC002_UsedCars" name="usedCars_Displayed" time="0.532"/>
</testsuite> <!-- testCase.TC002_UsedCars -->
