<?xml version="1.0" encoding="UTF-8"?>
<!-- Generated by org.testng.reporters.JUnitReportReporter -->
<testsuite hostname="LTIN617347" failures="0" tests="2" name="testCases.TC003_Login" time="27.052" errors="0" timestamp="2025-07-13T12:26:58 IST" skipped="0">
  <testcase classname="testCases.TC003_Login" name="loginTest" time="12.312"/>
  <testcase classname="testCases.TC003_Login" name="loginTest" time="14.740"/>
</testsuite> <!-- testCases.TC003_Login -->
