<?xml version="1.0" encoding="UTF-8"?>
<!-- Generated by org.testng.reporters.JUnitReportReporter -->
<testsuite hostname="LTIN521750" failures="0" tests="2" name="testCase.TC002_UsedCars" time="3.937" errors="0" timestamp="2025-07-13T12:33:19 IST" skipped="0">
  <testcase classname="testCase.TC002_UsedCars" name="nav_more" time="3.880"/>
  <testcase classname="testCase.TC002_UsedCars" name="usedCars_Displayed" time="0.057"/>
</testsuite> <!-- testCase.TC002_UsedCars -->
