<?xml version="1.0" encoding="UTF-8"?>
<!-- Generated by org.testng.reporters.JUnitReportReporter -->
<testsuite hostname="LTIN462292" failures="0" tests="4" name="testCases.TC004_UpcomingBikesTest" time="7.855" errors="0" timestamp="2025-07-08T16:20:50 IST" skipped="0">
  <testcase classname="testCases.TC004_UpcomingBikesTest" name="clickNewBikesSection" time="1.364"/>
  <testcase classname="testCases.TC004_UpcomingBikesTest" name="verifyClickAllBikes" time="1.201"/>
  <testcase classname="testCases.TC004_UpcomingBikesTest" name="scrollAndClickHonda" time="3.321"/>
  <testcase classname="testCases.TC004_UpcomingBikesTest" name="writeAffordableBikesToExcel" time="1.969"/>
</testsuite> <!-- testCases.TC004_UpcomingBikesTest -->
