<?xml version="1.0" encoding="UTF-8"?>
<!-- Generated by org.testng.reporters.JUnitReportReporter -->
<testsuite hostname="LTIN462292" failures="0" tests="10" name="testCase.TestCase_Final" time="64.676" errors="0" timestamp="2025-07-15T18:08:12 IST" skipped="0">
  <testcase classname="testCase.TestCase_Final" name="return_ZigWheel" time="0.857"/>
  <testcase classname="testCase.TestCase_Final" name="verifyClickCity" time="0.108"/>
  <testcase classname="testCase.TestCase_Final" name="getPopularModels" time="0.329"/>
  <testcase classname="testCase.TestCase_Final" name="nav_new_bikes" time="0.518"/>
  <testcase classname="testCase.TestCase_Final" name="verify_clicking_AllBikes" time="8.041"/>
  <testcase classname="testCase.TestCase_Final" name="scrollAndClickHonda" time="9.380"/>
  <testcase classname="testCase.TestCase_Final" name="writeAffordableBikesToExcel" time="1.347"/>
  <testcase classname="testCase.TestCase_Final" name="clickUsedCar" time="2.048"/>
  <testcase classname="testCase.TestCase_Final" name="loginTest" time="21.131"/>
  <testcase classname="testCase.TestCase_Final" name="loginTest" time="20.917"/>
</testsuite> <!-- testCase.TestCase_Final -->
