<?xml version="1.0" encoding="UTF-8"?>
<!-- Generated by org.testng.reporters.JUnitReportReporter -->
<testsuite hostname="LTIN462292" failures="0" tests="2" name="testCases.TC002_UsedCars" time="6.579" errors="0" timestamp="2025-07-07T10:02:30 IST" skipped="0">
  <testcase classname="testCases.TC002_UsedCars" name="nav_more" time="6.369"/>
  <testcase classname="testCases.TC002_UsedCars" name="usedCars_Displayed" time="0.210"/>
</testsuite> <!-- testCases.TC002_UsedCars -->
