<?xml version="1.0" encoding="UTF-8"?>
<!-- Generated by org.testng.reporters.JUnitReportReporter -->
<testsuite hostname="LTIN462292" failures="0" tests="3" name="testCase.TC004_UpcomingBikesTest" time="18.061" errors="0" timestamp="2025-07-15T14:58:21 IST" skipped="0">
  <testcase classname="testCase.TC004_UpcomingBikesTest" name="verify_clicking_AllBikes" time="8.171"/>
  <testcase classname="testCase.TC004_UpcomingBikesTest" name="scrollAndClickHonda" time="9.253"/>
  <testcase classname="testCase.TC004_UpcomingBikesTest" name="writeAffordableBikesToExcel" time="0.637"/>
</testsuite> <!-- testCase.TC004_UpcomingBikesTest -->
