<?xml version="1.0" encoding="UTF-8"?>
<!-- Generated by org.testng.reporters.JUnitReportReporter -->
<testsuite hostname="LTIN521750" failures="0" tests="4" name="testCase.TC005_UsedCarsTest" time="27.673" errors="0" timestamp="2025-07-13T14:56:46 IST" skipped="0">
  <testcase classname="testCase.TC005_UsedCarsTest" name="return_ZigWheel" time="10.321"/>
  <testcase classname="testCase.TC005_UsedCarsTest" name="getPopularModels" time="2.212"/>
  <testcase classname="testCase.TC005_UsedCarsTest" name="verifyClickCity" time="1.334"/>
  <testcase classname="testCase.TC005_UsedCarsTest" name="clickUsedCar" time="13.806"/>
</testsuite> <!-- testCase.TC005_UsedCarsTest -->
