<?xml version="1.0" encoding="UTF-8"?>
<!-- Generated by org.testng.reporters.JUnitReportReporter -->
<testsuite hostname="LTIN521750" failures="0" tests="4" name="testCase.TC005_UsedCarsTest" time="5.474" errors="0" timestamp="2025-07-13T12:33:19 IST" skipped="0">
  <testcase classname="testCase.TC005_UsedCarsTest" name="return_ZigWheel" time="1.010"/>
  <testcase classname="testCase.TC005_UsedCarsTest" name="clickUsedCar" time="3.728"/>
  <testcase classname="testCase.TC005_UsedCarsTest" name="verifyClickCity" time="0.232"/>
  <testcase classname="testCase.TC005_UsedCarsTest" name="getPopularModels" time="0.504"/>
</testsuite> <!-- testCase.TC005_UsedCarsTest -->
