<?xml version="1.0" encoding="UTF-8"?>
<!-- Generated by org.testng.reporters.JUnitReportReporter -->
<testsuite hostname="LTIN521750" failures="0" tests="3" name="testCase.TC004_UpcomingBikesTest" time="21.779" errors="0" timestamp="2025-07-13T12:48:08 IST" skipped="0">
  <testcase classname="testCase.TC004_UpcomingBikesTest" name="verify_clicking_AllBikes" time="11.232"/>
  <testcase classname="testCase.TC004_UpcomingBikesTest" name="scrollAndClickHonda" time="9.394"/>
  <testcase classname="testCase.TC004_UpcomingBikesTest" name="writeAffordableBikesToExcel" time="1.153"/>
</testsuite> <!-- testCase.TC004_UpcomingBikesTest -->
