<?xml version="1.0" encoding="UTF-8"?>
<!-- Generated by org.testng.reporters.JUnitReportReporter -->
<testsuite hostname="LTIN521750" failures="0" tests="2" name="testCase.TC003_Login" time="50.783" errors="0" timestamp="2025-07-13T14:56:46 IST" skipped="0">
  <testcase classname="testCase.TC003_Login" name="loginTest" time="18.245"/>
  <testcase classname="testCase.TC003_Login" name="loginTest" time="32.538"/>
</testsuite> <!-- testCase.TC003_Login -->
