<?xml version="1.0" encoding="UTF-8"?>
<!-- Generated by org.testng.reporters.JUnitReportReporter -->
<testsuite hostname="LTIN462292" failures="0" tests="10" name="testCase.TestCase_Final" time="71.471" errors="0" timestamp="2025-07-15T16:27:52 IST" skipped="0">
  <testcase classname="testCase.TestCase_Final" name="return_ZigWheel" time="4.272"/>
  <testcase classname="testCase.TestCase_Final" name="verifyClickCity" time="0.574"/>
  <testcase classname="testCase.TestCase_Final" name="getPopularModels" time="0.982"/>
  <testcase classname="testCase.TestCase_Final" name="nav_new_bikes" time="2.878"/>
  <testcase classname="testCase.TestCase_Final" name="verify_clicking_AllBikes" time="12.454"/>
  <testcase classname="testCase.TestCase_Final" name="scrollAndClickHonda" time="9.986"/>
  <testcase classname="testCase.TestCase_Final" name="writeAffordableBikesToExcel" time="3.794"/>
  <testcase classname="testCase.TestCase_Final" name="clickUsedCar" time="4.532"/>
  <testcase classname="testCase.TestCase_Final" name="loginTest" time="17.022"/>
  <testcase classname="testCase.TestCase_Final" name="loginTest" time="14.977"/>
</testsuite> <!-- testCase.TestCase_Final -->
