<?xml version="1.0" encoding="UTF-8"?>
<!-- Generated by org.testng.reporters.JUnitReportReporter -->
<testsuite hostname="LTIN462292" failures="0" tests="10" name="testCase.TestCase_Final" time="61.924" errors="0" timestamp="2025-07-18T13:50:59 IST" skipped="0">
  <testcase classname="testCase.TestCase_Final" name="getPopularModels" time="0.755"/>
  <testcase classname="testCase.TestCase_Final" name="return_ZigWheel" time="0.834"/>
  <testcase classname="testCase.TestCase_Final" name="nav_new_bikes" time="4.658"/>
  <testcase classname="testCase.TestCase_Final" name="verifyClickCity" time="0.396"/>
  <testcase classname="testCase.TestCase_Final" name="verify_clicking_AllBikes" time="8.728"/>
  <testcase classname="testCase.TestCase_Final" name="scrollAndClickHonda" time="9.425"/>
  <testcase classname="testCase.TestCase_Final" name="writeAffordableBikesToExcel" time="1.693"/>
  <testcase classname="testCase.TestCase_Final" name="clickUsedCar" time="4.254"/>
  <testcase classname="testCase.TestCase_Final" name="loginTest" time="14.185"/>
  <testcase classname="testCase.TestCase_Final" name="loginTest" time="16.996"/>
</testsuite> <!-- testCase.TestCase_Final -->
