<?xml version="1.0" encoding="UTF-8"?>
<!-- Generated by org.testng.reporters.JUnitReportReporter -->
<testsuite hostname="LTIN462292" failures="0" tests="1" name="testCase.TC001_ClickNewBikes" time="1.260" errors="0" timestamp="2025-07-15T14:58:21 IST" skipped="0">
  <testcase classname="testCase.TC001_ClickNewBikes" name="nav_new_bikes" time="1.260"/>
</testsuite> <!-- testCase.TC001_ClickNewBikes -->
