<?xml version="1.0" encoding="UTF-8"?>
<!-- Generated by org.testng.reporters.JUnitReportReporter -->
<testsuite hostname="LTIN521750" failures="0" tests="1" name="testCase.TC001_ClickNewBikes" time="8.294" errors="0" timestamp="2025-07-13T14:23:33 IST" skipped="0">
  <testcase classname="testCase.TC001_ClickNewBikes" name="nav_new_bikes" time="8.294"/>
</testsuite> <!-- testCase.TC001_ClickNewBikes -->
