<?xml version="1.0" encoding="UTF-8"?>
<!-- Generated by org.testng.reporters.JUnitReportReporter -->
<testsuite hostname="LTIN617347" failures="0" tests="2" name="testCases.TC003_Login" time="32.387" errors="0" timestamp="2025-07-14T09:38:10 IST" skipped="0">
  <testcase classname="testCases.TC003_Login" name="loginTest" time="14.763"/>
  <testcase classname="testCases.TC003_Login" name="loginTest" time="17.624"/>
</testsuite> <!-- testCases.TC003_Login -->
