<?xml version="1.0" encoding="UTF-8"?>
<!-- Generated by org.testng.reporters.JUnitReportReporter -->
<testsuite hostname="LTIN462292" failures="0" tests="10" name="testCase.TestCase_Final" time="64.413" errors="0" timestamp="2025-07-18T09:44:25 IST" skipped="0">
  <testcase classname="testCase.TestCase_Final" name="getPopularModels" time="0.318"/>
  <testcase classname="testCase.TestCase_Final" name="return_ZigWheel" time="0.768"/>
  <testcase classname="testCase.TestCase_Final" name="nav_new_bikes" time="1.089"/>
  <testcase classname="testCase.TestCase_Final" name="verifyClickCity" time="0.074"/>
  <testcase classname="testCase.TestCase_Final" name="verify_clicking_AllBikes" time="7.820"/>
  <testcase classname="testCase.TestCase_Final" name="scrollAndClickHonda" time="9.259"/>
  <testcase classname="testCase.TestCase_Final" name="writeAffordableBikesToExcel" time="1.014"/>
  <testcase classname="testCase.TestCase_Final" name="clickUsedCar" time="2.285"/>
  <testcase classname="testCase.TestCase_Final" name="loginTest" time="20.921"/>
  <testcase classname="testCase.TestCase_Final" name="loginTest" time="20.865"/>
</testsuite> <!-- testCase.TestCase_Final -->
