<?xml version="1.0" encoding="UTF-8"?>
<!-- Generated by org.testng.reporters.JUnitReportReporter -->
<testsuite hostname="LTIN462292" failures="0" tests="2" name="testCase.TC002_UsedCars" time="1.918" errors="0" timestamp="2025-07-15T09:47:11 IST" skipped="0">
  <testcase classname="testCase.TC002_UsedCars" name="nav_more" time="1.878"/>
  <testcase classname="testCase.TC002_UsedCars" name="usedCars_Displayed" time="0.040"/>
</testsuite> <!-- testCase.TC002_UsedCars -->
