<?xml version="1.0" encoding="UTF-8"?>
<!-- Generated by org.testng.reporters.JUnitReportReporter -->
<testsuite hostname="DESKTOP-7H9UD6F" failures="0" tests="1" name="testCases.TC001_ClickNewBikes" time="3.185" errors="0" timestamp="2025-07-06T13:21:51 IST" skipped="0">
  <testcase classname="testCases.TC001_ClickNewBikes" name="nav_new_bikes" time="3.185"/>
</testsuite> <!-- testCases.TC001_ClickNewBikes -->
