<?xml version="1.0" encoding="UTF-8"?>
<!-- Generated by org.testng.reporters.JUnitReportReporter -->
<testsuite hostname="LTIN521750" failures="0" tests="2" name="testCase.TC002_UsedCars" time="11.120" errors="0" timestamp="2025-07-13T14:23:33 IST" skipped="0">
  <testcase classname="testCase.TC002_UsedCars" name="nav_more" time="10.789"/>
  <testcase classname="testCase.TC002_UsedCars" name="usedCars_Displayed" time="0.331"/>
</testsuite> <!-- testCase.TC002_UsedCars -->
