<?xml version="1.0" encoding="UTF-8"?>
<!-- Generated by org.testng.reporters.JUnitReportReporter -->
<testsuite hostname="LTIN521750" failures="0" tests="3" name="testCase.TC004_UpcomingBikesTest" time="23.830" errors="0" timestamp="2025-07-07T11:49:55 IST" skipped="0">
  <testcase classname="testCase.TC004_UpcomingBikesTest" name="verify_clicking_AllBikes" time="11.805"/>
  <testcase classname="testCase.TC004_UpcomingBikesTest" name="scrollAndClickHonda" time="9.576"/>
  <testcase classname="testCase.TC004_UpcomingBikesTest" name="writeAffordableBikesToExcel" time="2.449"/>
</testsuite> <!-- testCase.TC004_UpcomingBikesTest -->
