<?xml version="1.0" encoding="UTF-8"?>
<!-- Generated by org.testng.reporters.JUnitReportReporter -->
<testsuite hostname="LTIN462292" failures="0" tests="10" name="testCase.TestCase_Final" time="56.500" errors="0" timestamp="2025-07-17T11:21:27 IST" skipped="0">
  <testcase classname="testCase.TestCase_Final" name="getPopularModels" time="0.392"/>
  <testcase classname="testCase.TestCase_Final" name="return_ZigWheel" time="0.925"/>
  <testcase classname="testCase.TestCase_Final" name="nav_new_bikes" time="0.949"/>
  <testcase classname="testCase.TestCase_Final" name="verifyClickCity" time="0.250"/>
  <testcase classname="testCase.TestCase_Final" name="verify_clicking_AllBikes" time="7.935"/>
  <testcase classname="testCase.TestCase_Final" name="scrollAndClickHonda" time="9.275"/>
  <testcase classname="testCase.TestCase_Final" name="writeAffordableBikesToExcel" time="0.984"/>
  <testcase classname="testCase.TestCase_Final" name="clickUsedCar" time="9.949"/>
  <testcase classname="testCase.TestCase_Final" name="loginTest" time="12.183"/>
  <testcase classname="testCase.TestCase_Final" name="loginTest" time="13.658"/>
</testsuite> <!-- testCase.TestCase_Final -->
