<?xml version="1.0" encoding="UTF-8"?>
<!-- Generated by org.testng.reporters.JUnitReportReporter -->
<testsuite hostname="LTIN462292" failures="0" tests="4" name="testCase.TC005_UsedCarsTest" time="5.844" errors="0" timestamp="2025-07-15T14:58:21 IST" skipped="0">
  <testcase classname="testCase.TC005_UsedCarsTest" name="return_ZigWheel" time="0.800"/>
  <testcase classname="testCase.TC005_UsedCarsTest" name="getPopularModels" time="0.397"/>
  <testcase classname="testCase.TC005_UsedCarsTest" name="clickUsedCar" time="4.429"/>
  <testcase classname="testCase.TC005_UsedCarsTest" name="verifyClickCity" time="0.218"/>
</testsuite> <!-- testCase.TC005_UsedCarsTest -->
