<?xml version="1.0" encoding="UTF-8"?>
<!-- Generated by org.testng.reporters.JUnitReportReporter -->
<testsuite hostname="LTIN462292" failures="0" tests="2" name="testCase.TC003_Login" time="32.263" errors="0" timestamp="2025-07-15T10:33:45 IST" skipped="0">
  <testcase classname="testCase.TC003_Login" name="loginTest" time="14.616"/>
  <testcase classname="testCase.TC003_Login" name="loginTest" time="17.647"/>
</testsuite> <!-- testCase.TC003_Login -->
