<?xml version="1.0" encoding="UTF-8"?>
<!-- Generated by org.testng.reporters.JUnitReportReporter -->
<testsuite hostname="LTIN521750" failures="0" tests="2" name="testCase.TC003_Login" time="43.141" errors="0" timestamp="2025-07-13T14:23:33 IST" skipped="0">
  <testcase classname="testCase.TC003_Login" name="loginTest" time="19.837"/>
  <testcase classname="testCase.TC003_Login" name="loginTest" time="23.304"/>
</testsuite> <!-- testCase.TC003_Login -->
