<?xml version="1.0" encoding="UTF-8"?>
<!-- Generated by org.testng.reporters.JUnitReportReporter -->
<testsuite hostname="LTIN521750" failures="0" tests="4" name="testCase.TC005_UsedCarsTest" time="5.660" errors="0" timestamp="2025-07-13T12:48:08 IST" skipped="0">
  <testcase classname="testCase.TC005_UsedCarsTest" name="clickUsedCar" time="4.451"/>
  <testcase classname="testCase.TC005_UsedCarsTest" name="getPopularModels" time="0.402"/>
  <testcase classname="testCase.TC005_UsedCarsTest" name="verifyClickCity" time="0.206"/>
  <testcase classname="testCase.TC005_UsedCarsTest" name="return_ZigWheel" time="0.601"/>
</testsuite> <!-- testCase.TC005_UsedCarsTest -->
