<?xml version="1.0" encoding="UTF-8"?>
<!-- Generated by org.testng.reporters.JUnitReportReporter -->
<testsuite hostname="DESKTOP-7H9UD6F" failures="0" tests="2" name="testCases.TC002_UsedCars" time="5.586" errors="0" timestamp="2025-07-06T13:21:51 IST" skipped="0">
  <testcase classname="testCases.TC002_UsedCars" name="nav_more" time="5.534"/>
  <testcase classname="testCases.TC002_UsedCars" name="usedCars_Displayed" time="0.052"/>
</testsuite> <!-- testCases.TC002_UsedCars -->
